mode: atomic
command-queue/internal/util/orderedmap/orderedmap.go:20.33,26.2 1 2
command-queue/internal/util/orderedmap/orderedmap.go:28.58,38.2 5 11
command-queue/internal/util/orderedmap/orderedmap.go:40.59,44.33 3 2
command-queue/internal/util/orderedmap/orderedmap.go:44.33,46.3 1 1
command-queue/internal/util/orderedmap/orderedmap.go:47.2,47.19 1 1
command-queue/internal/util/orderedmap/orderedmap.go:50.46,54.33 3 2
command-queue/internal/util/orderedmap/orderedmap.go:54.33,57.3 2 1
command-queue/internal/util/orderedmap/orderedmap.go:60.58,69.80 7 3
command-queue/internal/util/orderedmap/orderedmap.go:69.80,75.3 4 14
command-queue/internal/util/orderedmap/orderedmap.go:76.2,76.21 1 3
command-queue/internal/util/queue/aws.go:19.82,25.16 5 0
command-queue/internal/util/queue/aws.go:25.16,27.3 1 0
command-queue/internal/util/queue/aws.go:29.2,34.8 1 0
command-queue/internal/util/queue/aws.go:38.54,44.2 2 0
command-queue/internal/util/queue/aws.go:46.60,48.12 2 0
command-queue/internal/util/queue/aws.go:48.12,49.7 1 0
command-queue/internal/util/queue/aws.go:49.7,55.18 3 0
command-queue/internal/util/queue/aws.go:55.18,58.5 2 0
command-queue/internal/util/queue/aws.go:60.4,60.45 1 0
command-queue/internal/util/queue/aws.go:60.45,62.5 1 0
command-queue/internal/util/queue/aws.go:65.2,65.28 1 0
command-queue/internal/util/queue/aws.go:68.34,72.2 2 0
command-queue/internal/util/queue/mem.go:8.42,12.2 1 1
command-queue/internal/util/queue/mem.go:14.54,17.2 2 1
command-queue/internal/util/queue/mem.go:19.60,21.2 1 1
command-queue/internal/util/queue/mem.go:23.34,26.2 2 1
command-queue/internal/util/queue/rabbitmq.go:20.107,22.16 2 0
command-queue/internal/util/queue/rabbitmq.go:22.16,24.3 1 0
command-queue/internal/util/queue/rabbitmq.go:25.2,26.16 2 0
command-queue/internal/util/queue/rabbitmq.go:26.16,28.3 1 0
command-queue/internal/util/queue/rabbitmq.go:29.2,37.16 2 0
command-queue/internal/util/queue/rabbitmq.go:37.16,39.3 1 0
command-queue/internal/util/queue/rabbitmq.go:40.2,47.8 1 0
command-queue/internal/util/queue/rabbitmq.go:51.65,61.16 2 0
command-queue/internal/util/queue/rabbitmq.go:61.16,63.3 1 0
command-queue/internal/util/queue/rabbitmq.go:65.2,66.12 2 0
command-queue/internal/util/queue/rabbitmq.go:66.12,68.7 2 0
command-queue/internal/util/queue/rabbitmq.go:68.7,69.11 1 0
command-queue/internal/util/queue/rabbitmq.go:70.24,71.11 1 0
command-queue/internal/util/queue/rabbitmq.go:72.27,73.12 1 0
command-queue/internal/util/queue/rabbitmq.go:73.12,75.6 1 0
command-queue/internal/util/queue/rabbitmq.go:76.5,76.32 1 0
command-queue/internal/util/queue/rabbitmq.go:81.2,81.21 1 0
command-queue/internal/util/queue/rabbitmq.go:85.59,95.2 1 0
command-queue/internal/util/queue/rabbitmq.go:97.39,99.16 2 0
command-queue/internal/util/queue/rabbitmq.go:99.16,101.3 1 0
command-queue/internal/util/queue/rabbitmq.go:102.2,102.29 1 0
command-queue/internal/types/command.go:26.53,31.24 2 5
command-queue/internal/types/command.go:31.24,33.3 1 0
command-queue/internal/types/command.go:35.2,35.21 1 5
command-queue/internal/types/command.go:38.48,43.2 1 2
command-queue/internal/types/command.go:45.44,50.2 1 1
command-queue/internal/types/command.go:52.41,57.2 1 1
command-queue/internal/types/command.go:59.34,64.2 1 1
command-queue/internal/types/command.go:66.49,68.17 2 5
command-queue/internal/types/command.go:69.13,70.13 1 2
command-queue/internal/types/command.go:71.16,72.16 1 1
command-queue/internal/types/command.go:73.13,74.13 1 1
command-queue/internal/types/command.go:75.17,76.16 1 1
command-queue/internal/types/command.go:77.10,78.19 1 0
command-queue/internal/types/command.go:82.39,84.20 2 5
command-queue/internal/types/command.go:84.20,86.3 1 0
command-queue/internal/types/command.go:87.2,89.34 3 5
command-queue/internal/types/command.go:89.34,91.25 2 7
command-queue/internal/types/command.go:91.25,94.4 2 1
command-queue/internal/types/command.go:96.2,96.14 1 5
command-queue/internal/types/command.go:99.34,100.23 1 5
command-queue/internal/types/command.go:101.11,102.23 1 2
command-queue/internal/types/command.go:102.23,104.4 1 2
command-queue/internal/types/command.go:105.19,106.23 1 2
command-queue/internal/types/command.go:106.23,108.4 1 2
command-queue/internal/types/command.go:109.14,110.23 1 1
command-queue/internal/types/command.go:110.23,112.4 1 1
command-queue/internal/types/command.go:114.2,114.14 1 0
command-queue/internal/types/command.go:117.32,119.2 1 6
command-queue/internal/types/command.go:121.38,123.2 1 5
command-queue/internal/types/command.go:125.34,126.21 1 2
command-queue/internal/types/command.go:126.21,128.3 1 0
command-queue/internal/types/command.go:129.2,129.18 1 2
command-queue/internal/types/command.go:132.35,133.21 1 5
command-queue/internal/types/command.go:134.9,135.44 1 1
command-queue/internal/types/command.go:136.10,137.78 1 4
command-queue/internal/util/orderedmap/orderedmap.go:20.33,26.2 1 2
command-queue/internal/util/orderedmap/orderedmap.go:28.58,38.2 5 2
command-queue/internal/util/orderedmap/orderedmap.go:40.59,44.33 3 1
command-queue/internal/util/orderedmap/orderedmap.go:44.33,46.3 1 1
command-queue/internal/util/orderedmap/orderedmap.go:47.2,47.19 1 0
command-queue/internal/util/orderedmap/orderedmap.go:50.46,54.33 3 1
command-queue/internal/util/orderedmap/orderedmap.go:54.33,57.3 2 1
command-queue/internal/util/orderedmap/orderedmap.go:60.58,69.80 7 2
command-queue/internal/util/orderedmap/orderedmap.go:69.80,75.3 4 2
command-queue/internal/util/orderedmap/orderedmap.go:76.2,76.21 1 2
command-queue/internal/util/queue/aws.go:19.82,25.16 5 0
command-queue/internal/util/queue/aws.go:25.16,27.3 1 0
command-queue/internal/util/queue/aws.go:29.2,34.8 1 0
command-queue/internal/util/queue/aws.go:38.54,44.2 2 0
command-queue/internal/util/queue/aws.go:46.60,48.12 2 0
command-queue/internal/util/queue/aws.go:48.12,49.7 1 0
command-queue/internal/util/queue/aws.go:49.7,55.18 3 0
command-queue/internal/util/queue/aws.go:55.18,58.5 2 0
command-queue/internal/util/queue/aws.go:60.4,60.45 1 0
command-queue/internal/util/queue/aws.go:60.45,62.5 1 0
command-queue/internal/util/queue/aws.go:65.2,65.28 1 0
command-queue/internal/util/queue/aws.go:68.34,72.2 2 0
command-queue/internal/util/queue/mem.go:8.42,12.2 1 1
command-queue/internal/util/queue/mem.go:14.54,17.2 2 3
command-queue/internal/util/queue/mem.go:19.60,21.2 1 1
command-queue/internal/util/queue/mem.go:23.34,26.2 2 0
command-queue/internal/util/queue/rabbitmq.go:20.107,22.16 2 0
command-queue/internal/util/queue/rabbitmq.go:22.16,24.3 1 0
command-queue/internal/util/queue/rabbitmq.go:25.2,26.16 2 0
command-queue/internal/util/queue/rabbitmq.go:26.16,28.3 1 0
command-queue/internal/util/queue/rabbitmq.go:29.2,37.16 2 0
command-queue/internal/util/queue/rabbitmq.go:37.16,39.3 1 0
command-queue/internal/util/queue/rabbitmq.go:40.2,47.8 1 0
command-queue/internal/util/queue/rabbitmq.go:51.65,61.16 2 0
command-queue/internal/util/queue/rabbitmq.go:61.16,63.3 1 0
command-queue/internal/util/queue/rabbitmq.go:65.2,66.12 2 0
command-queue/internal/util/queue/rabbitmq.go:66.12,68.7 2 0
command-queue/internal/util/queue/rabbitmq.go:68.7,69.11 1 0
command-queue/internal/util/queue/rabbitmq.go:70.24,71.11 1 0
command-queue/internal/util/queue/rabbitmq.go:72.27,73.12 1 0
command-queue/internal/util/queue/rabbitmq.go:73.12,75.6 1 0
command-queue/internal/util/queue/rabbitmq.go:76.5,76.32 1 0
command-queue/internal/util/queue/rabbitmq.go:81.2,81.21 1 0
command-queue/internal/util/queue/rabbitmq.go:85.59,95.2 1 0
command-queue/internal/util/queue/rabbitmq.go:97.39,99.16 2 0
command-queue/internal/util/queue/rabbitmq.go:99.16,101.3 1 0
command-queue/internal/util/queue/rabbitmq.go:102.2,102.29 1 0
command-queue/server/server.go:26.55,34.2 1 2
command-queue/server/server.go:37.51,40.16 2 1
command-queue/server/server.go:40.16,42.3 1 0
command-queue/server/server.go:43.2,43.6 1 1
command-queue/server/server.go:43.6,44.10 1 1
command-queue/server/server.go:45.21,46.14 1 1
command-queue/server/server.go:47.34,48.11 1 0
command-queue/server/server.go:48.11,50.5 1 0
command-queue/server/server.go:52.4,55.24 2 0
command-queue/server/server.go:55.24,56.18 1 0
command-queue/server/server.go:56.18,59.6 1 0
command-queue/server/server.go:60.5,60.26 1 0
command-queue/server/server.go:67.31,70.2 1 1
command-queue/server/server.go:72.49,74.16 2 5
command-queue/server/server.go:74.16,77.3 2 0
command-queue/server/server.go:78.2,78.24 1 5
command-queue/server/server.go:79.17,80.51 1 2
command-queue/server/server.go:81.20,82.41 1 1
command-queue/server/server.go:83.17,85.9 2 1
command-queue/server/server.go:85.9,87.4 1 1
command-queue/server/server.go:88.20,91.28 3 1
command-queue/server/server.go:91.28,93.4 1 1
command-queue/server/server.go:94.3,94.37 1 1
command-queue/server/server.go:98.56,103.16 4 2
command-queue/server/server.go:103.16,106.3 2 0
command-queue/server/server.go:107.2,109.53 2 2
command-queue/server/server.go:109.53,111.3 1 0
